  [1m[36m (0.1ms)[0m  [1mselect sqlite_version(*)[0m
  [1m[35m (115.9ms)[0m  CREATE TABLE "schema_migrations" ("version" varchar(255) NOT NULL) 
  [1m[36m (0.1ms)[0m  [1mPRAGMA index_list("schema_migrations")[0m
  [1m[35m (46.2ms)[0m  CREATE UNIQUE INDEX "unique_schema_migrations" ON "schema_migrations" ("version")
  [1m[36m (0.2ms)[0m  [1mSELECT "schema_migrations"."version" FROM "schema_migrations" [0m
Migrating to CreateMovies (20111119180638)
  [1m[35m (18.4ms)[0m  CREATE TABLE "movies" ("id" INTEGER PRIMARY KEY AUTOINCREMENT NOT NULL, "title" varchar(255), "rating" varchar(255), "description" text, "release_date" datetime, "created_at" datetime, "updated_at" datetime) 
  [1m[36m (22.7ms)[0m  [1mINSERT INTO "schema_migrations" ("version") VALUES ('20111119180638')[0m
  [1m[35m (0.5ms)[0m  select sqlite_version(*)
  [1m[36m (0.3ms)[0m  [1mSELECT "schema_migrations"."version" FROM "schema_migrations" [0m
  [1m[35m (0.1ms)[0m  PRAGMA index_list("movies")
  [1m[36m (1.6ms)[0m  [1mSELECT "schema_migrations"."version" FROM "schema_migrations" [0m
  [1m[35mSQL (91.6ms)[0m  INSERT INTO "movies" ("created_at", "description", "rating", "release_date", "title", "updated_at") VALUES (?, ?, ?, ?, ?, ?)  [["created_at", Thu, 25 Jul 2013 12:09:27 UTC +00:00], ["description", nil], ["rating", "G"], ["release_date", Wed, 25 Nov 1992 00:00:00 UTC +00:00], ["title", "Aladdin"], ["updated_at", Thu, 25 Jul 2013 12:09:27 UTC +00:00]]
  [1m[36mSQL (13.7ms)[0m  [1mINSERT INTO "movies" ("created_at", "description", "rating", "release_date", "title", "updated_at") VALUES (?, ?, ?, ?, ?, ?)[0m  [["created_at", Thu, 25 Jul 2013 12:09:27 UTC +00:00], ["description", nil], ["rating", "R"], ["release_date", Fri, 26 Oct 1984 00:00:00 UTC +00:00], ["title", "The Terminator"], ["updated_at", Thu, 25 Jul 2013 12:09:27 UTC +00:00]]
  [1m[35mSQL (11.5ms)[0m  INSERT INTO "movies" ("created_at", "description", "rating", "release_date", "title", "updated_at") VALUES (?, ?, ?, ?, ?, ?)  [["created_at", Thu, 25 Jul 2013 12:09:27 UTC +00:00], ["description", nil], ["rating", "R"], ["release_date", Fri, 21 Jul 1989 00:00:00 UTC +00:00], ["title", "When Harry Met Sally"], ["updated_at", Thu, 25 Jul 2013 12:09:27 UTC +00:00]]
  [1m[36mSQL (16.9ms)[0m  [1mINSERT INTO "movies" ("created_at", "description", "rating", "release_date", "title", "updated_at") VALUES (?, ?, ?, ?, ?, ?)[0m  [["created_at", Thu, 25 Jul 2013 12:09:27 UTC +00:00], ["description", nil], ["rating", "PG-13"], ["release_date", Wed, 10 Aug 2011 00:00:00 UTC +00:00], ["title", "The Help"], ["updated_at", Thu, 25 Jul 2013 12:09:27 UTC +00:00]]
  [1m[35mSQL (14.2ms)[0m  INSERT INTO "movies" ("created_at", "description", "rating", "release_date", "title", "updated_at") VALUES (?, ?, ?, ?, ?, ?)  [["created_at", Thu, 25 Jul 2013 12:09:27 UTC +00:00], ["description", nil], ["rating", "PG-13"], ["release_date", Fri, 05 Jan 2001 00:00:00 UTC +00:00], ["title", "Chocolat"], ["updated_at", Thu, 25 Jul 2013 12:09:27 UTC +00:00]]
  [1m[36mSQL (14.0ms)[0m  [1mINSERT INTO "movies" ("created_at", "description", "rating", "release_date", "title", "updated_at") VALUES (?, ?, ?, ?, ?, ?)[0m  [["created_at", Thu, 25 Jul 2013 12:09:27 UTC +00:00], ["description", nil], ["rating", "R"], ["release_date", Wed, 25 Apr 2001 00:00:00 UTC +00:00], ["title", "Amelie"], ["updated_at", Thu, 25 Jul 2013 12:09:27 UTC +00:00]]
  [1m[35mSQL (10.3ms)[0m  INSERT INTO "movies" ("created_at", "description", "rating", "release_date", "title", "updated_at") VALUES (?, ?, ?, ?, ?, ?)  [["created_at", Thu, 25 Jul 2013 12:09:27 UTC +00:00], ["description", nil], ["rating", "G"], ["release_date", Sat, 06 Apr 1968 00:00:00 UTC +00:00], ["title", "2001: A Space Odyssey"], ["updated_at", Thu, 25 Jul 2013 12:09:27 UTC +00:00]]
  [1m[36mSQL (12.0ms)[0m  [1mINSERT INTO "movies" ("created_at", "description", "rating", "release_date", "title", "updated_at") VALUES (?, ?, ?, ?, ?, ?)[0m  [["created_at", Thu, 25 Jul 2013 12:09:28 UTC +00:00], ["description", nil], ["rating", "PG"], ["release_date", Fri, 05 Nov 2004 00:00:00 UTC +00:00], ["title", "The Incredibles"], ["updated_at", Thu, 25 Jul 2013 12:09:28 UTC +00:00]]
  [1m[35mSQL (10.6ms)[0m  INSERT INTO "movies" ("created_at", "description", "rating", "release_date", "title", "updated_at") VALUES (?, ?, ?, ?, ?, ?)  [["created_at", Thu, 25 Jul 2013 12:09:28 UTC +00:00], ["description", nil], ["rating", "PG"], ["release_date", Fri, 12 Jun 1981 00:00:00 UTC +00:00], ["title", "Raiders of the Lost Ark"], ["updated_at", Thu, 25 Jul 2013 12:09:28 UTC +00:00]]
  [1m[36mSQL (15.0ms)[0m  [1mINSERT INTO "movies" ("created_at", "description", "rating", "release_date", "title", "updated_at") VALUES (?, ?, ?, ?, ?, ?)[0m  [["created_at", Thu, 25 Jul 2013 12:09:28 UTC +00:00], ["description", nil], ["rating", "G"], ["release_date", Wed, 21 Jun 2000 00:00:00 UTC +00:00], ["title", "Chicken Run"], ["updated_at", Thu, 25 Jul 2013 12:09:28 UTC +00:00]]


Started GET "/assets/rails.png" for 127.0.0.1 at 2013-07-25 05:10:27 -0700
Served asset /rails.png - 200 OK (76ms)


Started GET "/movies" for 127.0.0.1 at 2013-07-25 05:10:34 -0700
  Processing by MoviesController#index as HTML
  [1m[36mMovie Load (0.6ms)[0m  [1mSELECT "movies".* FROM "movies" [0m
Rendered movies/index.html.haml within layouts/application (102.6ms)
Compiled application.css  (2ms)  (pid 9633)
Compiled application.js  (38ms)  (pid 9633)
Compiled jquery.js  (53ms)  (pid 9633)
Compiled jquery_ujs.js  (15ms)  (pid 9633)
Completed 200 OK in 1266ms (Views: 1251.5ms | ActiveRecord: 1.0ms)


Started GET "/movies" for 127.0.0.1 at 2013-07-25 05:10:37 -0700
  Processing by MoviesController#index as HTML
  [1m[35mMovie Load (9.3ms)[0m  SELECT "movies".* FROM "movies" 
Rendered movies/index.html.haml within layouts/application (72.5ms)
Completed 200 OK in 145ms (Views: 110.0ms | ActiveRecord: 16.4ms)


Started GET "/assets/jquery.js?body=1" for 127.0.0.1 at 2013-07-25 05:10:38 -0700
Served asset /jquery.js - 200 OK (207ms)


Started GET "/assets/application.css?body=1" for 127.0.0.1 at 2013-07-25 05:10:38 -0700
Served asset /application.css - 200 OK (76ms)


Started GET "/assets/application.js?body=1" for 127.0.0.1 at 2013-07-25 05:10:38 -0700
Served asset /application.js - 200 OK (216ms)


Started GET "/assets/jquery_ujs.js?body=1" for 127.0.0.1 at 2013-07-25 05:10:38 -0700
Served asset /jquery_ujs.js - 200 OK (128ms)


Started GET "/movies" for 127.0.0.1 at 2013-07-25 05:49:55 -0700
  Processing by MoviesController#index as HTML
  [1m[36mMovie Load (0.9ms)[0m  [1mSELECT "movies".* FROM "movies" [0m
Rendered movies/index.html.haml within layouts/application (375.7ms)
Completed 200 OK in 929ms (Views: 916.4ms | ActiveRecord: 1.3ms)


Started GET "/assets/application.css?body=1" for 127.0.0.1 at 2013-07-25 05:50:06 -0700
Served asset /application.css - 304 Not Modified (0ms)


Started GET "/assets/jquery.js?body=1" for 127.0.0.1 at 2013-07-25 05:50:06 -0700
Served asset /jquery.js - 304 Not Modified (68ms)


Started GET "/assets/jquery_ujs.js?body=1" for 127.0.0.1 at 2013-07-25 05:50:06 -0700
Served asset /jquery_ujs.js - 304 Not Modified (112ms)


Started GET "/assets/application.js?body=1" for 127.0.0.1 at 2013-07-25 05:50:07 -0700
Served asset /application.js - 304 Not Modified (11ms)


Started GET "/movies/5" for 127.0.0.1 at 2013-07-25 05:50:13 -0700
  Processing by MoviesController#show as HTML
  Parameters: {"id"=>"5"}
  [1m[35mMovie Load (1.0ms)[0m  SELECT "movies".* FROM "movies" WHERE "movies"."id" = ? LIMIT 1  [["id", "5"]]
Rendered movies/show.html.haml within layouts/application (141.9ms)
Completed 200 OK in 208ms (Views: 187.9ms | ActiveRecord: 1.8ms)


Started GET "/assets/application.css?body=1" for 127.0.0.1 at 2013-07-25 05:50:15 -0700
Served asset /application.css - 304 Not Modified (35ms)


Started GET "/assets/jquery.js?body=1" for 127.0.0.1 at 2013-07-25 05:50:15 -0700
Served asset /jquery.js - 304 Not Modified (0ms)


Started GET "/assets/application.js?body=1" for 127.0.0.1 at 2013-07-25 05:50:15 -0700
Served asset /application.js - 304 Not Modified (0ms)


Started GET "/assets/jquery_ujs.js?body=1" for 127.0.0.1 at 2013-07-25 05:50:15 -0700
Served asset /jquery_ujs.js - 304 Not Modified (0ms)


Started GET "/movies" for 127.0.0.1 at 2013-07-25 06:01:08 -0700
  Processing by MoviesController#index as HTML
  [1m[36mMovie Load (0.5ms)[0m  [1mSELECT "movies".* FROM "movies" [0m
Rendered movies/index.html.haml within layouts/application (98.7ms)
Completed 200 OK in 177ms (Views: 165.3ms | ActiveRecord: 8.0ms)


Started GET "/assets/application.css?body=1" for 127.0.0.1 at 2013-07-25 06:01:10 -0700
Served asset /application.css - 304 Not Modified (0ms)


Started GET "/assets/jquery.js?body=1" for 127.0.0.1 at 2013-07-25 06:01:10 -0700
Served asset /jquery.js - 304 Not Modified (21ms)


Started GET "/assets/jquery_ujs.js?body=1" for 127.0.0.1 at 2013-07-25 06:01:10 -0700
Served asset /jquery_ujs.js - 304 Not Modified (0ms)


Started GET "/assets/application.js?body=1" for 127.0.0.1 at 2013-07-25 06:01:10 -0700
Served asset /application.js - 304 Not Modified (24ms)


Started GET "/movies/new" for 127.0.0.1 at 2013-07-25 06:01:19 -0700
  Processing by MoviesController#new as HTML
Rendered movies/new.html.haml within layouts/application (27.5ms)
Completed 200 OK in 69ms (Views: 68.0ms | ActiveRecord: 0.0ms)


Started GET "/assets/application.css?body=1" for 127.0.0.1 at 2013-07-25 06:01:20 -0700
Served asset /application.css - 304 Not Modified (0ms)


Started GET "/assets/jquery.js?body=1" for 127.0.0.1 at 2013-07-25 06:01:21 -0700
Served asset /jquery.js - 304 Not Modified (0ms)


Started GET "/assets/application.js?body=1" for 127.0.0.1 at 2013-07-25 06:01:21 -0700
Served asset /application.js - 304 Not Modified (0ms)


Started GET "/assets/jquery_ujs.js?body=1" for 127.0.0.1 at 2013-07-25 06:01:21 -0700
Served asset /jquery_ujs.js - 304 Not Modified (0ms)


Started GET "/movies/new" for 127.0.0.1 at 2013-07-25 06:01:50 -0700
  Processing by MoviesController#new as HTML
Rendered movies/new.html.haml within layouts/application (23.9ms)
Completed 200 OK in 91ms (Views: 90.7ms | ActiveRecord: 0.0ms)


Started GET "/assets/application.css?body=1" for 127.0.0.1 at 2013-07-25 06:01:51 -0700
Served asset /application.css - 304 Not Modified (0ms)


Started GET "/assets/jquery_ujs.js?body=1" for 127.0.0.1 at 2013-07-25 06:01:51 -0700
Served asset /jquery_ujs.js - 304 Not Modified (0ms)


Started GET "/assets/application.js?body=1" for 127.0.0.1 at 2013-07-25 06:01:51 -0700
Served asset /application.js - 304 Not Modified (38ms)


Started GET "/assets/jquery.js?body=1" for 127.0.0.1 at 2013-07-25 06:01:51 -0700
Served asset /jquery.js - 304 Not Modified (0ms)


Started GET "/movies/new" for 127.0.0.1 at 2013-07-25 06:07:35 -0700
  Processing by MoviesController#new as HTML
Rendered movies/new.html.haml within layouts/application (83.7ms)
Completed 200 OK in 198ms (Views: 192.9ms | ActiveRecord: 0.0ms)


Started GET "/assets/application.css?body=1" for 127.0.0.1 at 2013-07-25 06:07:37 -0700
Served asset /application.css - 304 Not Modified (7ms)


Started GET "/assets/jquery.js?body=1" for 127.0.0.1 at 2013-07-25 06:07:38 -0700
Served asset /jquery.js - 304 Not Modified (0ms)


Started GET "/assets/application.js?body=1" for 127.0.0.1 at 2013-07-25 06:07:38 -0700
Served asset /application.js - 304 Not Modified (0ms)


Started GET "/assets/jquery_ujs.js?body=1" for 127.0.0.1 at 2013-07-25 06:07:38 -0700
Served asset /jquery_ujs.js - 304 Not Modified (0ms)


Started GET "/movies/new" for 127.0.0.1 at 2013-07-25 06:07:54 -0700
  Processing by MoviesController#new as HTML
Rendered movies/new.html.haml within layouts/application (75.2ms)
Completed 200 OK in 139ms (Views: 137.5ms | ActiveRecord: 0.0ms)


Started GET "/assets/jquery_ujs.js?body=1" for 127.0.0.1 at 2013-07-25 06:07:56 -0700
Served asset /jquery_ujs.js - 304 Not Modified (0ms)


Started GET "/assets/application.css?body=1" for 127.0.0.1 at 2013-07-25 06:07:56 -0700
Served asset /application.css - 304 Not Modified (0ms)


Started GET "/assets/jquery.js?body=1" for 127.0.0.1 at 2013-07-25 06:07:56 -0700
Served asset /jquery.js - 304 Not Modified (0ms)


Started GET "/assets/application.js?body=1" for 127.0.0.1 at 2013-07-25 06:07:56 -0700
Served asset /application.js - 304 Not Modified (0ms)


Started GET "/movies" for 127.0.0.1 at 2013-07-25 06:28:06 -0700
  Processing by MoviesController#index as HTML
  [1m[35mMovie Load (1.2ms)[0m  SELECT "movies".* FROM "movies" 
Rendered movies/index.html.haml within layouts/application (431.1ms)
Completed 200 OK in 138582ms (Views: 537.3ms | ActiveRecord: 19.7ms)


Started GET "/movies/" for 127.0.0.1 at 2013-07-25 06:37:31 -0700
  Processing by MoviesController#index as HTML
  [1m[36mMovie Load (160.5ms)[0m  [1mSELECT "movies".* FROM "movies" WHERE "movies"."id" = ? LIMIT 1[0m  [["id", 1]]
  [1m[35mMovie Load (0.8ms)[0m  SELECT "movies".* FROM "movies" WHERE (id=1)
  [1m[36mMovie Load (1.0ms)[0m  [1mSELECT "movies".* FROM "movies" [0m
Rendered movies/index.html.haml within layouts/application (140.4ms)
Completed 200 OK in 226459ms (Views: 926.6ms | ActiveRecord: 171.9ms)


Started GET "/assets/application.css?body=1" for 127.0.0.1 at 2013-07-25 06:41:27 -0700
Served asset /application.css - 304 Not Modified (16ms)


Started GET "/assets/jquery.js?body=1" for 127.0.0.1 at 2013-07-25 06:41:27 -0700
Served asset /jquery.js - 304 Not Modified (38ms)


Started GET "/assets/application.js?body=1" for 127.0.0.1 at 2013-07-25 06:41:27 -0700
Served asset /application.js - 304 Not Modified (1ms)


Started GET "/assets/jquery_ujs.js?body=1" for 127.0.0.1 at 2013-07-25 06:41:27 -0700
Served asset /jquery_ujs.js - 304 Not Modified (24ms)


Started GET "/movies" for 127.0.0.1 at 2013-07-28 00:02:24 -0700
  Processing by MoviesController#index as HTML
  [1m[36mMovie Load (91.0ms)[0m  [1mSELECT "movies".* FROM "movies" [0m
Rendered movies/index.html.haml within layouts/application (126.7ms)
Completed 200 OK in 2821944ms (Views: 1231.4ms | ActiveRecord: 92.7ms)


Started GET "/movies" for 127.0.0.1 at 2013-07-28 00:50:18 -0700
  Processing by MoviesController#index as HTML
Completed 500 Internal Server Error in 1ms

NoMethodError (undefined method `possible_ratings' for #<Class:0xb3da2948>):
  app/controllers/movies_controller.rb:49:in `index'

Rendered /usr/local/lib/ruby/gems/1.9.1/gems/actionpack-3.1.0/lib/action_dispatch/middleware/templates/rescues/_trace.erb (4.4ms)
Rendered /usr/local/lib/ruby/gems/1.9.1/gems/actionpack-3.1.0/lib/action_dispatch/middleware/templates/rescues/_request_and_response.erb (1.5ms)
Rendered /usr/local/lib/ruby/gems/1.9.1/gems/actionpack-3.1.0/lib/action_dispatch/middleware/templates/rescues/diagnostics.erb within rescues/layout (62.1ms)


Started GET "/assets/rails.png" for 127.0.0.1 at 2013-07-28 01:03:46 -0700
Served asset /rails.png - 304 Not Modified (109ms)


Started GET "/movies/" for 127.0.0.1 at 2013-07-28 01:04:03 -0700
  Processing by MoviesController#index as HTML
Completed 500 Internal Server Error in 31ms

NoMethodError (undefined method `possible_ratings' for #<Class:0xa1e92cc>):
  app/controllers/movies_controller.rb:49:in `index'

Rendered /usr/local/lib/ruby/gems/1.9.1/gems/actionpack-3.1.0/lib/action_dispatch/middleware/templates/rescues/_trace.erb (2.3ms)
Rendered /usr/local/lib/ruby/gems/1.9.1/gems/actionpack-3.1.0/lib/action_dispatch/middleware/templates/rescues/_request_and_response.erb (1.7ms)
Rendered /usr/local/lib/ruby/gems/1.9.1/gems/actionpack-3.1.0/lib/action_dispatch/middleware/templates/rescues/diagnostics.erb within rescues/layout (103.2ms)


Started GET "/movies/" for 127.0.0.1 at 2013-07-28 01:07:27 -0700
  Processing by MoviesController#index as HTML
  [1m[36mMovie Load (17.1ms)[0m  [1mSELECT "movies".* FROM "movies" [0m
Rendered movies/index.html.haml within layouts/application (226.2ms)
Completed 200 OK in 566ms (Views: 518.5ms | ActiveRecord: 21.0ms)


Started GET "/assets/jquery.js?body=1" for 127.0.0.1 at 2013-07-28 01:07:29 -0700
Served asset /jquery.js - 304 Not Modified (97ms)


Started GET "/assets/application.css?body=1" for 127.0.0.1 at 2013-07-28 01:07:29 -0700
Served asset /application.css - 304 Not Modified (0ms)


Started GET "/assets/application.js?body=1" for 127.0.0.1 at 2013-07-28 01:07:29 -0700
Served asset /application.js - 304 Not Modified (0ms)


Started GET "/assets/jquery_ujs.js?body=1" for 127.0.0.1 at 2013-07-28 01:07:29 -0700
Served asset /jquery_ujs.js - 304 Not Modified (45ms)


Started GET "/movies/new" for 127.0.0.1 at 2013-07-28 01:07:35 -0700
  Processing by MoviesController#new as HTML
Rendered movies/new.html.haml within layouts/application (18.5ms)
Completed 200 OK in 100ms (Views: 96.4ms | ActiveRecord: 0.0ms)


Started GET "/assets/application.js?body=1" for 127.0.0.1 at 2013-07-28 01:07:36 -0700
Served asset /application.js - 304 Not Modified (0ms)


Started GET "/assets/application.css?body=1" for 127.0.0.1 at 2013-07-28 01:07:36 -0700
Served asset /application.css - 304 Not Modified (0ms)


Started GET "/assets/jquery.js?body=1" for 127.0.0.1 at 2013-07-28 01:07:36 -0700
Served asset /jquery.js - 304 Not Modified (0ms)


Started GET "/assets/jquery_ujs.js?body=1" for 127.0.0.1 at 2013-07-28 01:07:36 -0700
Served asset /jquery_ujs.js - 304 Not Modified (0ms)


Started GET "/movies/new" for 127.0.0.1 at 2013-07-28 01:07:46 -0700
  Processing by MoviesController#new as HTML
Rendered movies/new.html.haml within layouts/application (62.6ms)
Completed 200 OK in 111ms (Views: 110.0ms | ActiveRecord: 0.0ms)


Started GET "/assets/application.js?body=1" for 127.0.0.1 at 2013-07-28 01:07:47 -0700
Served asset /application.js - 304 Not Modified (1ms)


Started GET "/assets/jquery.js?body=1" for 127.0.0.1 at 2013-07-28 01:07:48 -0700
Served asset /jquery.js - 304 Not Modified (0ms)


Started GET "/assets/application.css?body=1" for 127.0.0.1 at 2013-07-28 01:07:48 -0700
Served asset /application.css - 304 Not Modified (0ms)


Started GET "/assets/jquery_ujs.js?body=1" for 127.0.0.1 at 2013-07-28 01:07:48 -0700
Served asset /jquery_ujs.js - 304 Not Modified (0ms)


Started GET "/movies/new" for 127.0.0.1 at 2013-07-28 01:08:05 -0700
  Processing by MoviesController#new as HTML
Rendered movies/new.html.haml within layouts/application (16.6ms)
Completed 200 OK in 77ms (Views: 76.3ms | ActiveRecord: 0.0ms)


Started GET "/assets/application.css?body=1" for 127.0.0.1 at 2013-07-28 01:08:06 -0700
Served asset /application.css - 304 Not Modified (3ms)


Started GET "/assets/jquery.js?body=1" for 127.0.0.1 at 2013-07-28 01:08:06 -0700
Served asset /jquery.js - 304 Not Modified (0ms)


Started GET "/assets/jquery_ujs.js?body=1" for 127.0.0.1 at 2013-07-28 01:08:06 -0700
Served asset /jquery_ujs.js - 304 Not Modified (0ms)


Started GET "/assets/application.js?body=1" for 127.0.0.1 at 2013-07-28 01:08:06 -0700
Served asset /application.js - 304 Not Modified (15ms)


Started GET "/movies/" for 127.0.0.1 at 2013-07-28 01:15:28 -0700
  Processing by MoviesController#index as HTML
  [1m[35mMovie Load (15.4ms)[0m  SELECT "movies".* FROM "movies" 
Rendered movies/index.html.haml within layouts/application (127.0ms)
Completed 200 OK in 216ms (Views: 181.1ms | ActiveRecord: 22.1ms)


Started GET "/assets/jquery_ujs.js?body=1" for 127.0.0.1 at 2013-07-28 01:15:28 -0700
Served asset /jquery_ujs.js - 304 Not Modified (47ms)


Started GET "/assets/jquery.js?body=1" for 127.0.0.1 at 2013-07-28 01:15:29 -0700
Served asset /jquery.js - 304 Not Modified (33ms)


Started GET "/assets/application.css?body=1" for 127.0.0.1 at 2013-07-28 01:15:29 -0700
Served asset /application.css - 304 Not Modified (0ms)


Started GET "/assets/application.js?body=1" for 127.0.0.1 at 2013-07-28 01:15:29 -0700
Served asset /application.js - 304 Not Modified (13ms)


Started GET "/movies?&sort=title" for 127.0.0.1 at 2013-07-28 01:15:38 -0700
  Processing by MoviesController#index as HTML
  Parameters: {"sort"=>"title"}
  [1m[36mMovie Load (0.6ms)[0m  [1mSELECT "movies".* FROM "movies" ORDER BY title[0m
Rendered movies/index.html.haml within layouts/application (161.0ms)
Completed 200 OK in 277ms (Views: 256.9ms | ActiveRecord: 1.5ms)


Started GET "/assets/jquery.js?body=1" for 127.0.0.1 at 2013-07-28 01:15:39 -0700
Served asset /jquery.js - 304 Not Modified (0ms)


Started GET "/assets/jquery_ujs.js?body=1" for 127.0.0.1 at 2013-07-28 01:15:39 -0700
Served asset /jquery_ujs.js - 304 Not Modified (0ms)


Started GET "/assets/application.js?body=1" for 127.0.0.1 at 2013-07-28 01:15:39 -0700
Served asset /application.js - 304 Not Modified (0ms)


Started GET "/assets/application.css?body=1" for 127.0.0.1 at 2013-07-28 01:15:39 -0700
Served asset /application.css - 304 Not Modified (11ms)


Started GET "/movies?&sort=release_date" for 127.0.0.1 at 2013-07-28 01:15:46 -0700
  Processing by MoviesController#index as HTML
  Parameters: {"sort"=>"release_date"}
  [1m[35mMovie Load (0.5ms)[0m  SELECT "movies".* FROM "movies" ORDER BY release_date
Rendered movies/index.html.haml within layouts/application (111.1ms)
Completed 200 OK in 184ms (Views: 171.8ms | ActiveRecord: 1.3ms)


Started GET "/assets/jquery.js?body=1" for 127.0.0.1 at 2013-07-28 01:15:48 -0700
Served asset /jquery.js - 304 Not Modified (0ms)


Started GET "/assets/application.js?body=1" for 127.0.0.1 at 2013-07-28 01:15:48 -0700
Served asset /application.js - 304 Not Modified (0ms)


Started GET "/assets/jquery_ujs.js?body=1" for 127.0.0.1 at 2013-07-28 01:15:48 -0700
Served asset /jquery_ujs.js - 304 Not Modified (0ms)


Started GET "/assets/application.css?body=1" for 127.0.0.1 at 2013-07-28 01:15:48 -0700
Served asset /application.css - 304 Not Modified (0ms)


Started GET "/movies?&sort=title" for 127.0.0.1 at 2013-07-28 01:15:54 -0700
  Processing by MoviesController#index as HTML
  Parameters: {"sort"=>"title"}
  [1m[36mMovie Load (5.3ms)[0m  [1mSELECT "movies".* FROM "movies" ORDER BY title[0m
Rendered movies/index.html.haml within layouts/application (81.4ms)
Completed 200 OK in 187ms (Views: 155.6ms | ActiveRecord: 26.0ms)


Started GET "/assets/application.css?body=1" for 127.0.0.1 at 2013-07-28 01:15:55 -0700
Served asset /application.css - 304 Not Modified (0ms)


Started GET "/assets/application.js?body=1" for 127.0.0.1 at 2013-07-28 01:15:55 -0700
Served asset /application.js - 304 Not Modified (0ms)


Started GET "/assets/jquery.js?body=1" for 127.0.0.1 at 2013-07-28 01:15:55 -0700
Served asset /jquery.js - 304 Not Modified (0ms)


Started GET "/assets/jquery_ujs.js?body=1" for 127.0.0.1 at 2013-07-28 01:15:55 -0700
Served asset /jquery_ujs.js - 304 Not Modified (0ms)


Started GET "/movies?utf8=%E2%9C%93&ratings%5BG%5D=G&ratings%5BPG%5D=PG&ratings%5BPG-13%5D=PG-13&ratings%5BR%5D=R&commit=Refresh" for 127.0.0.1 at 2013-07-28 01:16:01 -0700
  Processing by MoviesController#index as HTML
  Parameters: {"utf8"=>"✓", "ratings"=>{"G"=>"G", "PG"=>"PG", "PG-13"=>"PG-13", "R"=>"R"}, "commit"=>"Refresh"}
  [1m[35mMovie Load (26.0ms)[0m  SELECT "movies".* FROM "movies" WHERE "movies"."rating" IN ('G', 'PG', 'PG-13', 'R')
Rendered movies/index.html.haml within layouts/application (145.2ms)
Completed 200 OK in 665ms (Views: 224.0ms | ActiveRecord: 41.7ms)


Started GET "/assets/jquery.js?body=1" for 127.0.0.1 at 2013-07-28 01:16:03 -0700
Served asset /jquery.js - 304 Not Modified (0ms)


Started GET "/assets/jquery_ujs.js?body=1" for 127.0.0.1 at 2013-07-28 01:16:03 -0700
Served asset /jquery_ujs.js - 304 Not Modified (0ms)


Started GET "/assets/application.js?body=1" for 127.0.0.1 at 2013-07-28 01:16:03 -0700
Served asset /application.js - 304 Not Modified (1ms)


Started GET "/assets/application.css?body=1" for 127.0.0.1 at 2013-07-28 01:16:03 -0700
Served asset /application.css - 304 Not Modified (0ms)


Started GET "/movies?ratings%5BG%5D=G&ratings%5BPG%5D=PG&ratings%5BPG-13%5D=PG-13&ratings%5BR%5D=R&sort=title" for 127.0.0.1 at 2013-07-28 01:16:09 -0700
  Processing by MoviesController#index as HTML
  Parameters: {"ratings"=>{"G"=>"G", "PG"=>"PG", "PG-13"=>"PG-13", "R"=>"R"}, "sort"=>"title"}
  [1m[36mMovie Load (0.6ms)[0m  [1mSELECT "movies".* FROM "movies" WHERE "movies"."rating" IN ('G', 'PG', 'PG-13', 'R') ORDER BY title[0m
Rendered movies/index.html.haml within layouts/application (133.9ms)
Completed 200 OK in 211ms (Views: 192.5ms | ActiveRecord: 1.3ms)


Started GET "/assets/jquery.js?body=1" for 127.0.0.1 at 2013-07-28 01:16:11 -0700
Served asset /jquery.js - 304 Not Modified (0ms)


Started GET "/assets/application.css?body=1" for 127.0.0.1 at 2013-07-28 01:16:11 -0700
Served asset /application.css - 304 Not Modified (23ms)


Started GET "/assets/jquery_ujs.js?body=1" for 127.0.0.1 at 2013-07-28 01:16:11 -0700
Served asset /jquery_ujs.js - 304 Not Modified (0ms)


Started GET "/assets/application.js?body=1" for 127.0.0.1 at 2013-07-28 01:16:11 -0700
Served asset /application.js - 304 Not Modified (17ms)


Started GET "/movies?ratings%5BG%5D=G&ratings%5BPG%5D=PG&ratings%5BPG-13%5D=PG-13&ratings%5BR%5D=R&sort=title" for 127.0.0.1 at 2013-07-28 01:24:42 -0700
  Processing by MoviesController#index as HTML
  Parameters: {"ratings"=>{"G"=>"G", "PG"=>"PG", "PG-13"=>"PG-13", "R"=>"R"}, "sort"=>"title"}
  [1m[35mMovie Load (1.4ms)[0m  SELECT "movies".* FROM "movies" WHERE "movies"."rating" IN ('G', 'PG', 'PG-13', 'R') ORDER BY title
Rendered movies/index.html.haml within layouts/application (364.6ms)
Completed 200 OK in 496ms (Views: 480.3ms | ActiveRecord: 2.1ms)


Started GET "/assets/application.css?body=1" for 127.0.0.1 at 2013-07-28 01:24:49 -0700
Served asset /application.css - 304 Not Modified (0ms)


Started GET "/assets/jquery.js?body=1" for 127.0.0.1 at 2013-07-28 01:24:49 -0700
Served asset /jquery.js - 304 Not Modified (15ms)


Started GET "/assets/jquery_ujs.js?body=1" for 127.0.0.1 at 2013-07-28 01:24:49 -0700
Served asset /jquery_ujs.js - 304 Not Modified (0ms)


Started GET "/assets/application.js?body=1" for 127.0.0.1 at 2013-07-28 01:24:49 -0700
Served asset /application.js - 304 Not Modified (0ms)


Started GET "/movies?ratings%5BG%5D=G&ratings%5BPG%5D=PG&ratings%5BPG-13%5D=PG-13&ratings%5BR%5D=R&sort=title" for 127.0.0.1 at 2013-07-28 01:28:16 -0700
  Processing by MoviesController#index as HTML
  Parameters: {"ratings"=>{"G"=>"G", "PG"=>"PG", "PG-13"=>"PG-13", "R"=>"R"}, "sort"=>"title"}
  [1m[36mMovie Load (0.7ms)[0m  [1mSELECT "movies".* FROM "movies" WHERE "movies"."rating" IN ('G', 'PG', 'PG-13', 'R') ORDER BY title[0m
Rendered movies/index.html.haml within layouts/application (84.6ms)
Compiled application.css  (16ms)  (pid 30439)
Completed 200 OK in 286ms (Views: 270.7ms | ActiveRecord: 1.4ms)


Started GET "/assets/application.css?body=1" for 127.0.0.1 at 2013-07-28 01:28:17 -0700
Served asset /application.css - 200 OK (64ms)


Started GET "/assets/jquery.js?body=1" for 127.0.0.1 at 2013-07-28 01:28:17 -0700
Served asset /jquery.js - 304 Not Modified (0ms)


Started GET "/assets/jquery_ujs.js?body=1" for 127.0.0.1 at 2013-07-28 01:28:17 -0700
Served asset /jquery_ujs.js - 304 Not Modified (1ms)


Started GET "/assets/application.js?body=1" for 127.0.0.1 at 2013-07-28 01:28:17 -0700
Served asset /application.js - 304 Not Modified (13ms)


Started GET "/movies?ratings%5BG%5D=G&ratings%5BPG%5D=PG&ratings%5BPG-13%5D=PG-13&ratings%5BR%5D=R&sort=release_date" for 127.0.0.1 at 2013-07-28 01:28:25 -0700
  Processing by MoviesController#index as HTML
  Parameters: {"ratings"=>{"G"=>"G", "PG"=>"PG", "PG-13"=>"PG-13", "R"=>"R"}, "sort"=>"release_date"}
  [1m[35mMovie Load (5.8ms)[0m  SELECT "movies".* FROM "movies" WHERE "movies"."rating" IN ('G', 'PG', 'PG-13', 'R') ORDER BY release_date
Rendered movies/index.html.haml within layouts/application (82.2ms)
Completed 200 OK in 132ms (Views: 121.1ms | ActiveRecord: 6.6ms)


Started GET "/assets/jquery.js?body=1" for 127.0.0.1 at 2013-07-28 01:28:25 -0700
Served asset /jquery.js - 304 Not Modified (0ms)


Started GET "/assets/application.css?body=1" for 127.0.0.1 at 2013-07-28 01:28:25 -0700
Served asset /application.css - 304 Not Modified (0ms)


Started GET "/assets/application.js?body=1" for 127.0.0.1 at 2013-07-28 01:28:25 -0700
Served asset /application.js - 304 Not Modified (0ms)


Started GET "/assets/jquery_ujs.js?body=1" for 127.0.0.1 at 2013-07-28 01:28:25 -0700
Served asset /jquery_ujs.js - 304 Not Modified (0ms)


Started GET "/movies?ratings%5BG%5D=G&ratings%5BPG%5D=PG&ratings%5BPG-13%5D=PG-13&ratings%5BR%5D=R&sort=title" for 127.0.0.1 at 2013-07-28 01:28:28 -0700
  Processing by MoviesController#index as HTML
  Parameters: {"ratings"=>{"G"=>"G", "PG"=>"PG", "PG-13"=>"PG-13", "R"=>"R"}, "sort"=>"title"}
  [1m[36mMovie Load (0.5ms)[0m  [1mSELECT "movies".* FROM "movies" WHERE "movies"."rating" IN ('G', 'PG', 'PG-13', 'R') ORDER BY title[0m
Rendered movies/index.html.haml within layouts/application (32.8ms)
Completed 200 OK in 61ms (Views: 55.3ms | ActiveRecord: 1.4ms)


Started GET "/assets/application.css?body=1" for 127.0.0.1 at 2013-07-28 01:28:29 -0700
Served asset /application.css - 304 Not Modified (0ms)


Started GET "/assets/jquery_ujs.js?body=1" for 127.0.0.1 at 2013-07-28 01:28:29 -0700
Served asset /jquery_ujs.js - 304 Not Modified (0ms)


Started GET "/assets/jquery.js?body=1" for 127.0.0.1 at 2013-07-28 01:28:29 -0700
Served asset /jquery.js - 304 Not Modified (0ms)


Started GET "/assets/application.js?body=1" for 127.0.0.1 at 2013-07-28 01:28:29 -0700
Served asset /application.js - 304 Not Modified (0ms)
